build/app/intermediates/manifest_merge_blame_file/release/manifest-merger-blame-release-report.txt
1<?xml version="1.0" encoding="utf-8"?>
2<manifest xmlns:android="http://schemas.android.com/apk/res/android"
3    package="uz.madorgroup.icrm"
4    android:versionCode="2"
5    android:versionName="1.0.1" >
6
7    <uses-sdk
8        android:minSdkVersion="21"
8-->src/main/AndroidManifest.xml
9        android:targetSdkVersion="30" />
9-->src/main/AndroidManifest.xml
10
11    <queries>
11-->src/main/AndroidManifest.xml:4:5-8:15
12        <intent>
12-->src/main/AndroidManifest.xml:5:9-7:18
13            <action android:name="android.speech.RecognitionService" />
13-->src/main/AndroidManifest.xml:6:13-72
13-->src/main/AndroidManifest.xml:6:21-69
14        </intent>
15        <intent>
15-->[:file_picker] AndroidManifest.xml:10:9-14:18
16            <action android:name="android.intent.action.GET_CONTENT" />
16-->[:file_picker] AndroidManifest.xml:11:13-72
16-->[:file_picker] AndroidManifest.xml:11:21-69
17
18            <data android:mimeType="*/*" />
18-->src/main/AndroidManifest.xml:51:17-53:45
19        </intent>
20    </queries>
21
22    <uses-permission android:name="android.permission.INTERNET" />
22-->src/main/AndroidManifest.xml:10:5-67
22-->src/main/AndroidManifest.xml:10:22-64
23    <uses-permission android:name="android.permission.RECORD_AUDIO" />
23-->src/main/AndroidManifest.xml:11:5-71
23-->src/main/AndroidManifest.xml:11:22-68
24    <uses-permission android:name="android.permission.BLUETOOTH_CONNECT" />
24-->src/main/AndroidManifest.xml:12:5-76
24-->src/main/AndroidManifest.xml:12:22-73
25    <uses-permission android:name="android.permission.BLUETOOTH" />
25-->src/main/AndroidManifest.xml:13:5-68
25-->src/main/AndroidManifest.xml:13:22-65
26    <uses-permission android:name="android.permission.BLUETOOTH_ADMIN" />
26-->src/main/AndroidManifest.xml:14:5-74
26-->src/main/AndroidManifest.xml:14:22-71
27    <uses-permission android:name="android.permission.WAKE_LOCK" />
27-->[:firebase_messaging] AndroidManifest.xml:8:5-68
27-->[:firebase_messaging] AndroidManifest.xml:8:22-65
28    <uses-permission android:name="android.permission.ACCESS_NETWORK_STATE" />
28-->[:firebase_messaging] AndroidManifest.xml:9:5-79
28-->[:firebase_messaging] AndroidManifest.xml:9:22-76
29    <uses-permission android:name="android.permission.READ_EXTERNAL_STORAGE" />
29-->[:file_picker] AndroidManifest.xml:7:5-80
29-->[:file_picker] AndroidManifest.xml:7:22-77
30    <uses-permission android:name="android.permission.RECEIVE_BOOT_COMPLETED" />
30-->[:flutter_local_notifications] AndroidManifest.xml:7:5-81
30-->[:flutter_local_notifications] AndroidManifest.xml:7:22-78
31    <uses-permission android:name="android.permission.VIBRATE" />
31-->[:flutter_local_notifications] AndroidManifest.xml:8:5-66
31-->[:flutter_local_notifications] AndroidManifest.xml:8:22-63
32    <uses-permission android:name="android.permission.USE_FULL_SCREEN_INTENT" />
32-->[:flutter_local_notifications] AndroidManifest.xml:9:5-81
32-->[:flutter_local_notifications] AndroidManifest.xml:9:22-78
33    <uses-permission android:name="android.permission.SCHEDULE_EXACT_ALARM" /> <!-- Required by older versions of Google Play services to create IID tokens -->
33-->[:flutter_local_notifications] AndroidManifest.xml:10:5-79
33-->[:flutter_local_notifications] AndroidManifest.xml:10:22-76
34    <uses-permission android:name="com.google.android.c2dm.permission.RECEIVE" />
34-->[com.google.firebase:firebase-messaging:23.0.0] AndroidManifest.xml:25:5-82
34-->[com.google.firebase:firebase-messaging:23.0.0] AndroidManifest.xml:25:22-79
35    <uses-permission android:name="com.google.android.finsky.permission.BIND_GET_INSTALL_REFERRER_SERVICE" />
35-->[com.android.installreferrer:installreferrer:1.0] AndroidManifest.xml:9:5-110
35-->[com.android.installreferrer:installreferrer:1.0] AndroidManifest.xml:9:22-107
36
37    <application
37-->src/main/AndroidManifest.xml:16:5-102:19
38        android:appComponentFactory="androidx.core.app.CoreComponentFactory"
38-->[androidx.core:core:1.6.0] AndroidManifest.xml:24:18-86
39        android:icon="@mipmap/ic_launcher"
39-->src/main/AndroidManifest.xml:17:9-43
40        android:label="I CRM"
40-->src/main/AndroidManifest.xml:18:9-30
41        android:supportsRtl="true"
41-->[com.facebook.android:facebook-login:12.3.0] AndroidManifest.xml:28:18-44
42        android:usesCleartextTraffic="true" >
42-->src/main/AndroidManifest.xml:19:9-44
43        <activity
43-->src/main/AndroidManifest.xml:21:9-75:20
44            android:name="uz.madorgroup.icrm.MainActivity"
44-->src/main/AndroidManifest.xml:22:13-41
45            android:configChanges="orientation|keyboardHidden|keyboard|screenSize|smallestScreenSize|locale|layoutDirection|fontScale|screenLayout|density|uiMode"
45-->src/main/AndroidManifest.xml:23:13-163
46            android:hardwareAccelerated="true"
46-->src/main/AndroidManifest.xml:24:13-47
47            android:launchMode="singleTop"
47-->src/main/AndroidManifest.xml:25:13-43
48            android:theme="@style/LaunchTheme"
48-->src/main/AndroidManifest.xml:26:13-47
49            android:windowSoftInputMode="adjustResize" >
49-->src/main/AndroidManifest.xml:27:13-55
50
51            <!--
52                 Specifies an Android theme to apply to this Activity as soon as
53                 the Android process has started. This theme is visible to the user
54                 while the Flutter UI initializes. After that, this theme continues
55                 to determine the Window background behind the Flutter UI.
56            -->
57            <meta-data
57-->src/main/AndroidManifest.xml:32:13-34:57
58                android:name="io.flutter.embedding.android.NormalTheme"
58-->src/main/AndroidManifest.xml:33:17-72
59                android:resource="@style/NormalTheme" />
59-->src/main/AndroidManifest.xml:34:17-54
60            <!--
61                 Displays an Android View that continues showing the launch screen
62                 Drawable until Flutter paints its first frame, then this splash
63                 screen fades out. A splash screen is useful to avoid any visual
64                 gap between the end of Android's launch screen and the painting of
65                 Flutter's first frame.
66            -->
67            <meta-data
67-->src/main/AndroidManifest.xml:40:13-42:66
68                android:name="io.flutter.embedding.android.SplashScreenDrawable"
68-->src/main/AndroidManifest.xml:41:17-81
69                android:resource="@drawable/launch_background" />
69-->src/main/AndroidManifest.xml:42:17-63
70
71            <intent-filter>
71-->src/main/AndroidManifest.xml:43:13-46:29
72                <action android:name="android.intent.action.MAIN" />
72-->src/main/AndroidManifest.xml:44:17-69
72-->src/main/AndroidManifest.xml:44:25-66
73
74                <category android:name="android.intent.category.LAUNCHER" />
74-->src/main/AndroidManifest.xml:45:17-77
74-->src/main/AndroidManifest.xml:45:27-74
75            </intent-filter>
76            <intent-filter>
76-->src/main/AndroidManifest.xml:47:13-54:29
77                <action android:name="android.intent.action.VIEW" />
77-->src/main/AndroidManifest.xml:48:17-68
77-->src/main/AndroidManifest.xml:48:25-66
78
79                <category android:name="android.intent.category.DEFAULT" />
79-->src/main/AndroidManifest.xml:49:17-75
79-->src/main/AndroidManifest.xml:49:27-73
80                <category android:name="android.intent.category.BROWSABLE" />
80-->src/main/AndroidManifest.xml:50:17-77
80-->src/main/AndroidManifest.xml:50:27-75
81
82                <data
82-->src/main/AndroidManifest.xml:51:17-53:45
83                    android:host="example.com"
83-->src/main/AndroidManifest.xml:52:21-47
84                    android:scheme="https" />
84-->src/main/AndroidManifest.xml:53:21-43
85            </intent-filter>
86
87            <!-- Deep linking -->
88            <meta-data
88-->src/main/AndroidManifest.xml:57:13-90
89                android:name="flutter_deeplinking_enabled"
89-->src/main/AndroidManifest.xml:57:24-66
90                android:value="true" />
90-->src/main/AndroidManifest.xml:57:67-87
91
92            <intent-filter android:autoVerify="true" >
92-->src/main/AndroidManifest.xml:58:13-64:29
92-->src/main/AndroidManifest.xml:58:28-53
93                <action android:name="android.intent.action.VIEW" />
93-->src/main/AndroidManifest.xml:48:17-68
93-->src/main/AndroidManifest.xml:48:25-66
94
95                <category android:name="android.intent.category.DEFAULT" />
95-->src/main/AndroidManifest.xml:49:17-75
95-->src/main/AndroidManifest.xml:49:27-73
96                <category android:name="android.intent.category.BROWSABLE" />
96-->src/main/AndroidManifest.xml:50:17-77
96-->src/main/AndroidManifest.xml:50:27-75
97
98                <data
98-->src/main/AndroidManifest.xml:51:17-53:45
99                    android:host="flutterbooksample.com"
99-->src/main/AndroidManifest.xml:52:21-47
100                    android:scheme="http" />
100-->src/main/AndroidManifest.xml:53:21-43
101                <data android:scheme="https" />
101-->src/main/AndroidManifest.xml:51:17-53:45
101-->src/main/AndroidManifest.xml:53:21-43
102            </intent-filter>
103            <intent-filter>
103-->src/main/AndroidManifest.xml:47:13-54:29
104                <action android:name="android.intent.action.VIEW" />
104-->src/main/AndroidManifest.xml:48:17-68
104-->src/main/AndroidManifest.xml:48:25-66
105
106                <category android:name="android.intent.category.DEFAULT" />
106-->src/main/AndroidManifest.xml:49:17-75
106-->src/main/AndroidManifest.xml:49:27-73
107                <category android:name="android.intent.category.BROWSABLE" />
107-->src/main/AndroidManifest.xml:50:17-77
107-->src/main/AndroidManifest.xml:50:27-75
108
109                <data
109-->src/main/AndroidManifest.xml:51:17-53:45
110                    android:host="example.com"
110-->src/main/AndroidManifest.xml:52:21-47
111                    android:scheme="https" />
111-->src/main/AndroidManifest.xml:53:21-43
112            </intent-filter>
113        </activity>
114        <!--
115             Don't delete the meta-data below.
116             This is used by the Flutter tool to generate GeneratedPluginRegistrant.java
117        -->
118
119        <meta-data
119-->src/main/AndroidManifest.xml:79:9-81:55
120            android:name="com.facebook.sdk.ApplicationId"
120-->src/main/AndroidManifest.xml:80:13-58
121            android:value="@string/facebook_app_id" />
121-->src/main/AndroidManifest.xml:81:13-52
122
123        <activity
123-->src/main/AndroidManifest.xml:83:9-86:48
124            android:name="com.facebook.FacebookActivity"
124-->src/main/AndroidManifest.xml:84:13-57
125            android:configChanges="keyboard|keyboardHidden|screenLayout|screenSize|orientation"
125-->src/main/AndroidManifest.xml:85:13-96
126            android:label="@string/app_name"
126-->src/main/AndroidManifest.xml:86:13-45
127            android:theme="@style/com_facebook_activity_theme" />
127-->[com.facebook.android:facebook-common:12.3.0] AndroidManifest.xml:33:13-63
128        <activity
128-->src/main/AndroidManifest.xml:87:9-97:20
129            android:name="com.facebook.CustomTabActivity"
129-->src/main/AndroidManifest.xml:88:13-58
130            android:exported="true" >
130-->src/main/AndroidManifest.xml:89:13-36
131            <intent-filter>
131-->src/main/AndroidManifest.xml:90:13-96:29
132                <action android:name="android.intent.action.VIEW" />
132-->src/main/AndroidManifest.xml:48:17-68
132-->src/main/AndroidManifest.xml:48:25-66
133
134                <category android:name="android.intent.category.DEFAULT" />
134-->src/main/AndroidManifest.xml:49:17-75
134-->src/main/AndroidManifest.xml:49:27-73
135                <category android:name="android.intent.category.BROWSABLE" />
135-->src/main/AndroidManifest.xml:50:17-77
135-->src/main/AndroidManifest.xml:50:27-75
136
137                <data android:scheme="@string/fb_login_protocol_scheme" />
137-->src/main/AndroidManifest.xml:51:17-53:45
137-->src/main/AndroidManifest.xml:53:21-43
138            </intent-filter>
139            <intent-filter>
139-->[com.facebook.android:facebook-common:12.3.0] AndroidManifest.xml:39:13-48:29
140                <action android:name="android.intent.action.VIEW" />
140-->src/main/AndroidManifest.xml:48:17-68
140-->src/main/AndroidManifest.xml:48:25-66
141
142                <category android:name="android.intent.category.DEFAULT" />
142-->src/main/AndroidManifest.xml:49:17-75
142-->src/main/AndroidManifest.xml:49:27-73
143                <category android:name="android.intent.category.BROWSABLE" />
143-->src/main/AndroidManifest.xml:50:17-77
143-->src/main/AndroidManifest.xml:50:27-75
144
145                <data
145-->src/main/AndroidManifest.xml:51:17-53:45
146                    android:host="cct.uz.madorgroup.icrm"
146-->src/main/AndroidManifest.xml:52:21-47
147                    android:scheme="fbconnect" />
147-->src/main/AndroidManifest.xml:53:21-43
148            </intent-filter>
149        </activity>
150
151        <meta-data
151-->src/main/AndroidManifest.xml:99:9-101:33
152            android:name="flutterEmbedding"
152-->src/main/AndroidManifest.xml:100:13-44
153            android:value="2" />
153-->src/main/AndroidManifest.xml:101:13-30
154
155        <service
155-->[:firebase_dynamic_links] AndroidManifest.xml:10:9-14:19
156            android:name="com.google.firebase.components.ComponentDiscoveryService"
156-->[:firebase_dynamic_links] AndroidManifest.xml:10:18-89
157            android:directBootAware="true"
157-->[com.google.firebase:firebase-common:20.0.0] AndroidManifest.xml:35:13-43
158            android:exported="false" >
158-->[com.google.firebase:firebase-messaging:23.0.0] AndroidManifest.xml:51:13-37
159            <meta-data
159-->[:firebase_dynamic_links] AndroidManifest.xml:11:13-13:85
160                android:name="com.google.firebase.components:io.flutter.plugins.firebase.dynamiclinks.FlutterFirebaseAppRegistrar"
160-->[:firebase_dynamic_links] AndroidManifest.xml:12:17-131
161                android:value="com.google.firebase.components.ComponentRegistrar" />
161-->[:firebase_dynamic_links] AndroidManifest.xml:13:17-82
162            <meta-data
162-->[:firebase_auth] AndroidManifest.xml:9:13-11:85
163                android:name="com.google.firebase.components:io.flutter.plugins.firebase.auth.FlutterFirebaseAuthRegistrar"
163-->[:firebase_auth] AndroidManifest.xml:10:17-124
164                android:value="com.google.firebase.components.ComponentRegistrar" />
164-->[:firebase_auth] AndroidManifest.xml:11:17-82
165            <meta-data
165-->[:firebase_messaging] AndroidManifest.xml:34:13-36:85
166                android:name="com.google.firebase.components:io.flutter.plugins.firebase.messaging.FlutterFirebaseAppRegistrar"
166-->[:firebase_messaging] AndroidManifest.xml:35:17-128
167                android:value="com.google.firebase.components.ComponentRegistrar" />
167-->[:firebase_messaging] AndroidManifest.xml:36:17-82
168            <meta-data
168-->[:firebase_core] AndroidManifest.xml:9:13-11:85
169                android:name="com.google.firebase.components:io.flutter.plugins.firebase.core.FlutterFirebaseCoreRegistrar"
169-->[:firebase_core] AndroidManifest.xml:10:17-124
170                android:value="com.google.firebase.components.ComponentRegistrar" />
170-->[:firebase_core] AndroidManifest.xml:11:17-82
171            <meta-data
171-->[com.google.firebase:firebase-messaging:23.0.0] AndroidManifest.xml:52:13-54:85
172                android:name="com.google.firebase.components:com.google.firebase.messaging.FirebaseMessagingRegistrar"
172-->[com.google.firebase:firebase-messaging:23.0.0] AndroidManifest.xml:53:17-119
173                android:value="com.google.firebase.components.ComponentRegistrar" />
173-->[com.google.firebase:firebase-messaging:23.0.0] AndroidManifest.xml:54:17-82
174            <meta-data
174-->[com.google.firebase:firebase-datatransport:18.0.0] AndroidManifest.xml:28:13-30:85
175                android:name="com.google.firebase.components:com.google.firebase.datatransport.TransportRegistrar"
175-->[com.google.firebase:firebase-datatransport:18.0.0] AndroidManifest.xml:29:17-115
176                android:value="com.google.firebase.components.ComponentRegistrar" />
176-->[com.google.firebase:firebase-datatransport:18.0.0] AndroidManifest.xml:30:17-82
177            <meta-data
177-->[com.google.firebase:firebase-auth:21.0.1] AndroidManifest.xml:77:13-79:85
178                android:name="com.google.firebase.components:com.google.firebase.auth.FirebaseAuthRegistrar"
178-->[com.google.firebase:firebase-auth:21.0.1] AndroidManifest.xml:78:17-109
179                android:value="com.google.firebase.components.ComponentRegistrar" />
179-->[com.google.firebase:firebase-auth:21.0.1] AndroidManifest.xml:79:17-82
180            <meta-data
180-->[com.google.firebase:firebase-dynamic-links:21.0.0] AndroidManifest.xml:27:13-29:85
181                android:name="com.google.firebase.components:com.google.firebase.dynamiclinks.internal.FirebaseDynamicLinkRegistrar"
181-->[com.google.firebase:firebase-dynamic-links:21.0.0] AndroidManifest.xml:28:17-133
182                android:value="com.google.firebase.components.ComponentRegistrar" />
182-->[com.google.firebase:firebase-dynamic-links:21.0.0] AndroidManifest.xml:29:17-82
183            <meta-data
183-->[com.google.firebase:firebase-installations:17.0.0] AndroidManifest.xml:18:13-20:85
184                android:name="com.google.firebase.components:com.google.firebase.installations.FirebaseInstallationsRegistrar"
184-->[com.google.firebase:firebase-installations:17.0.0] AndroidManifest.xml:19:17-127
185                android:value="com.google.firebase.components.ComponentRegistrar" />
185-->[com.google.firebase:firebase-installations:17.0.0] AndroidManifest.xml:20:17-82
186        </service>
187        <service
187-->[:firebase_messaging] AndroidManifest.xml:12:9-15:72
188            android:name="io.flutter.plugins.firebase.messaging.FlutterFirebaseMessagingBackgroundService"
188-->[:firebase_messaging] AndroidManifest.xml:13:13-107
189            android:exported="false"
189-->[:firebase_messaging] AndroidManifest.xml:14:13-37
190            android:permission="android.permission.BIND_JOB_SERVICE" />
190-->[:firebase_messaging] AndroidManifest.xml:15:13-69
191        <service
191-->[:firebase_messaging] AndroidManifest.xml:16:9-22:19
192            android:name="io.flutter.plugins.firebase.messaging.FlutterFirebaseMessagingService"
192-->[:firebase_messaging] AndroidManifest.xml:17:13-97
193            android:exported="false" >
193-->[:firebase_messaging] AndroidManifest.xml:18:13-37
194            <intent-filter>
194-->[:firebase_messaging] AndroidManifest.xml:19:13-21:29
195                <action android:name="com.google.firebase.MESSAGING_EVENT" />
195-->[:firebase_messaging] AndroidManifest.xml:20:17-78
195-->[:firebase_messaging] AndroidManifest.xml:20:25-75
196            </intent-filter>
197        </service>
198
199        <receiver
199-->[:firebase_messaging] AndroidManifest.xml:24:9-31:20
200            android:name="io.flutter.plugins.firebase.messaging.FlutterFirebaseMessagingReceiver"
200-->[:firebase_messaging] AndroidManifest.xml:25:13-98
201            android:exported="true"
201-->[:firebase_messaging] AndroidManifest.xml:26:13-36
202            android:permission="com.google.android.c2dm.permission.SEND" >
202-->[:firebase_messaging] AndroidManifest.xml:27:13-73
203            <intent-filter>
203-->[:firebase_messaging] AndroidManifest.xml:28:13-30:29
204                <action android:name="com.google.android.c2dm.intent.RECEIVE" />
204-->[:firebase_messaging] AndroidManifest.xml:29:17-81
204-->[:firebase_messaging] AndroidManifest.xml:29:25-78
205            </intent-filter>
206        </receiver>
207
208        <provider
208-->[:firebase_messaging] AndroidManifest.xml:39:9-43:38
209            android:name="io.flutter.plugins.firebase.messaging.FlutterFirebaseMessagingInitProvider"
209-->[:firebase_messaging] AndroidManifest.xml:40:13-102
210            android:authorities="uz.madorgroup.icrm.flutterfirebasemessaginginitprovider"
210-->[:firebase_messaging] AndroidManifest.xml:41:13-88
211            android:exported="false"
211-->[:firebase_messaging] AndroidManifest.xml:42:13-37
212            android:initOrder="99" />
212-->[:firebase_messaging] AndroidManifest.xml:43:13-35
213        <provider
213-->[:image_picker] AndroidManifest.xml:8:9-16:20
214            android:name="io.flutter.plugins.imagepicker.ImagePickerFileProvider"
214-->[:image_picker] AndroidManifest.xml:9:13-82
215            android:authorities="uz.madorgroup.icrm.flutter.image_provider"
215-->[:image_picker] AndroidManifest.xml:10:13-74
216            android:exported="false"
216-->[:image_picker] AndroidManifest.xml:11:13-37
217            android:grantUriPermissions="true" >
217-->[:image_picker] AndroidManifest.xml:12:13-47
218            <meta-data
218-->[:image_picker] AndroidManifest.xml:13:13-15:75
219                android:name="android.support.FILE_PROVIDER_PATHS"
219-->[:image_picker] AndroidManifest.xml:14:17-67
220                android:resource="@xml/flutter_image_picker_file_paths" />
220-->[:image_picker] AndroidManifest.xml:15:17-72
221        </provider>
222
223        <receiver
223-->[:flutter_local_notifications] AndroidManifest.xml:13:9-15:40
224            android:name="com.dexterous.flutterlocalnotifications.ScheduledNotificationReceiver"
224-->[:flutter_local_notifications] AndroidManifest.xml:14:13-97
225            android:exported="false" />
225-->[:flutter_local_notifications] AndroidManifest.xml:15:13-37
226        <receiver
226-->[:flutter_local_notifications] AndroidManifest.xml:16:9-25:20
227            android:name="com.dexterous.flutterlocalnotifications.ScheduledNotificationBootReceiver"
227-->[:flutter_local_notifications] AndroidManifest.xml:17:13-101
228            android:exported="false" >
228-->[:flutter_local_notifications] AndroidManifest.xml:18:13-37
229            <intent-filter>
229-->[:flutter_local_notifications] AndroidManifest.xml:19:13-24:29
230                <action android:name="android.intent.action.BOOT_COMPLETED" />
230-->[:flutter_local_notifications] AndroidManifest.xml:20:17-79
230-->[:flutter_local_notifications] AndroidManifest.xml:20:25-76
231                <action android:name="android.intent.action.MY_PACKAGE_REPLACED" />
231-->[:flutter_local_notifications] AndroidManifest.xml:21:17-84
231-->[:flutter_local_notifications] AndroidManifest.xml:21:25-81
232                <action android:name="android.intent.action.QUICKBOOT_POWERON" />
232-->[:flutter_local_notifications] AndroidManifest.xml:22:17-82
232-->[:flutter_local_notifications] AndroidManifest.xml:22:25-79
233                <action android:name="com.htc.intent.action.QUICKBOOT_POWERON" />
233-->[:flutter_local_notifications] AndroidManifest.xml:23:17-82
233-->[:flutter_local_notifications] AndroidManifest.xml:23:25-79
234            </intent-filter>
235        </receiver>
236
237        <activity
237-->[:url_launcher_android] AndroidManifest.xml:8:9-11:74
238            android:name="io.flutter.plugins.urllauncher.WebViewActivity"
238-->[:url_launcher_android] AndroidManifest.xml:9:13-74
239            android:exported="false"
239-->[:url_launcher_android] AndroidManifest.xml:10:13-37
240            android:theme="@android:style/Theme.NoTitleBar.Fullscreen" />
240-->[:url_launcher_android] AndroidManifest.xml:11:13-71
241
242        <provider
242-->[:share] AndroidManifest.xml:8:9-16:20
243            android:name="io.flutter.plugins.share.ShareFileProvider"
243-->[:share] AndroidManifest.xml:9:13-70
244            android:authorities="uz.madorgroup.icrm.flutter.share_provider"
244-->[:share] AndroidManifest.xml:10:13-74
245            android:exported="false"
245-->[:share] AndroidManifest.xml:11:13-37
246            android:grantUriPermissions="true" >
246-->[:share] AndroidManifest.xml:12:13-47
247            <meta-data
247-->[:image_picker] AndroidManifest.xml:13:13-15:75
248                android:name="android.support.FILE_PROVIDER_PATHS"
248-->[:image_picker] AndroidManifest.xml:14:17-67
249                android:resource="@xml/flutter_share_file_paths" />
249-->[:image_picker] AndroidManifest.xml:15:17-72
250        </provider>
251
252        <activity android:name="com.facebook.CustomTabMainActivity" />
252-->[com.facebook.android:facebook-common:12.3.0] AndroidManifest.xml:34:9-71
252-->[com.facebook.android:facebook-common:12.3.0] AndroidManifest.xml:34:19-68
253        <!--
254         The initialization ContentProvider will call FacebookSdk.sdkInitialize automatically
255         with the application context. This config is merged in with the host app's manifest,
256         but there can only be one provider with the same authority activated at any given
257         point; so if the end user has two or more different apps that use Facebook SDK, only the
258         first one will be able to use the provider. To work around this problem, we use the
259         following placeholder in the authority to identify each host application as if it was
260         a completely different provider.
261        -->
262        <provider
262-->[com.facebook.android:facebook-core:12.3.0] AndroidManifest.xml:39:9-42:40
263            android:name="com.facebook.internal.FacebookInitProvider"
263-->[com.facebook.android:facebook-core:12.3.0] AndroidManifest.xml:40:13-70
264            android:authorities="uz.madorgroup.icrm.FacebookInitProvider"
264-->[com.facebook.android:facebook-core:12.3.0] AndroidManifest.xml:41:13-72
265            android:exported="false" />
265-->[com.facebook.android:facebook-core:12.3.0] AndroidManifest.xml:42:13-37
266
267        <receiver
267-->[com.facebook.android:facebook-core:12.3.0] AndroidManifest.xml:44:9-50:20
268            android:name="com.facebook.CurrentAccessTokenExpirationBroadcastReceiver"
268-->[com.facebook.android:facebook-core:12.3.0] AndroidManifest.xml:45:13-86
269            android:exported="false" >
269-->[com.facebook.android:facebook-core:12.3.0] AndroidManifest.xml:46:13-37
270            <intent-filter>
270-->[com.facebook.android:facebook-core:12.3.0] AndroidManifest.xml:47:13-49:29
271                <action android:name="com.facebook.sdk.ACTION_CURRENT_ACCESS_TOKEN_CHANGED" />
271-->[com.facebook.android:facebook-core:12.3.0] AndroidManifest.xml:48:17-95
271-->[com.facebook.android:facebook-core:12.3.0] AndroidManifest.xml:48:25-92
272            </intent-filter>
273        </receiver>
274        <receiver
274-->[com.facebook.android:facebook-core:12.3.0] AndroidManifest.xml:51:9-57:20
275            android:name="com.facebook.AuthenticationTokenManager$CurrentAuthenticationTokenChangedBroadcastReceiver"
275-->[com.facebook.android:facebook-core:12.3.0] AndroidManifest.xml:52:13-118
276            android:exported="false" >
276-->[com.facebook.android:facebook-core:12.3.0] AndroidManifest.xml:53:13-37
277            <intent-filter>
277-->[com.facebook.android:facebook-core:12.3.0] AndroidManifest.xml:54:13-56:29
278                <action android:name="com.facebook.sdk.ACTION_CURRENT_AUTHENTICATION_TOKEN_CHANGED" />
278-->[com.facebook.android:facebook-core:12.3.0] AndroidManifest.xml:55:17-103
278-->[com.facebook.android:facebook-core:12.3.0] AndroidManifest.xml:55:25-100
279            </intent-filter>
280        </receiver>
281
282        <uses-library
282-->[androidx.window:window:1.0.0-beta04] AndroidManifest.xml:25:9-27:40
283            android:name="androidx.window.extensions"
283-->[androidx.window:window:1.0.0-beta04] AndroidManifest.xml:26:13-54
284            android:required="false" />
284-->[androidx.window:window:1.0.0-beta04] AndroidManifest.xml:27:13-37
285        <uses-library
285-->[androidx.window:window:1.0.0-beta04] AndroidManifest.xml:28:9-30:40
286            android:name="androidx.window.sidecar"
286-->[androidx.window:window:1.0.0-beta04] AndroidManifest.xml:29:13-51
287            android:required="false" />
287-->[androidx.window:window:1.0.0-beta04] AndroidManifest.xml:30:13-37
288
289        <receiver
289-->[com.google.firebase:firebase-messaging:23.0.0] AndroidManifest.xml:28:9-35:20
290            android:name="com.google.firebase.iid.FirebaseInstanceIdReceiver"
290-->[com.google.firebase:firebase-messaging:23.0.0] AndroidManifest.xml:29:13-78
291            android:exported="true"
291-->[com.google.firebase:firebase-messaging:23.0.0] AndroidManifest.xml:30:13-36
292            android:permission="com.google.android.c2dm.permission.SEND" >
292-->[com.google.firebase:firebase-messaging:23.0.0] AndroidManifest.xml:31:13-73
293            <intent-filter>
293-->[:firebase_messaging] AndroidManifest.xml:28:13-30:29
294                <action android:name="com.google.android.c2dm.intent.RECEIVE" />
294-->[:firebase_messaging] AndroidManifest.xml:29:17-81
294-->[:firebase_messaging] AndroidManifest.xml:29:25-78
295            </intent-filter>
296        </receiver>
297        <!--
298             FirebaseMessagingService performs security checks at runtime,
299             but set to not exported to explicitly avoid allowing another app to call it.
300        -->
301        <service
301-->[com.google.firebase:firebase-messaging:23.0.0] AndroidManifest.xml:41:9-48:19
302            android:name="com.google.firebase.messaging.FirebaseMessagingService"
302-->[com.google.firebase:firebase-messaging:23.0.0] AndroidManifest.xml:42:13-82
303            android:directBootAware="true"
303-->[com.google.firebase:firebase-messaging:23.0.0] AndroidManifest.xml:43:13-43
304            android:exported="false" >
304-->[com.google.firebase:firebase-messaging:23.0.0] AndroidManifest.xml:44:13-37
305            <intent-filter android:priority="-500" >